{"timestamp":"2026-07-22T22:47:50.636Z","level":"INFO","message":"✅ Firebase Admin initialized","data":null}
{"timestamp":"2026-07-22T22:47:50.646Z","level":"INFO","message":"📊 EPL: 380 матчей","data":null}
{"timestamp":"2026-07-22T22:47:50.646Z","level":"INFO","message":"📊 La Liga: 380 матчей","data":null}
{"timestamp":"2026-07-22T22:47:50.647Z","level":"INFO","message":"📊 Bundesliga: 306 матчей","data":null}
{"timestamp":"2026-07-22T22:47:50.647Z","level":"INFO","message":"📊 Serie A: 380 матчей","data":null}
{"timestamp":"2026-07-22T22:47:50.647Z","level":"INFO","message":"📊 Ligue 1: 306 матчей","data":null}
{"timestamp":"2026-07-22T22:47:50.647Z","level":"INFO","message":"📊 Test: 1 матчей","data":null}
{"timestamp":"2026-07-22T22:48:00.683Z","level":"INFO","message":"🚀 Первичная проверка матчей...","data":null}
{"timestamp":"2026-07-22T22:48:00.684Z","level":"INFO","message":"🔄 Проверка завершенных матчей...","data":null}
{"timestamp":"2026-07-22T22:48:00.868Z","level":"INFO","message":"📊 EPL: 0 завершенных матчей","data":null}
{"timestamp":"2026-07-22T22:48:00.915Z","level":"INFO","message":"📊 La Liga: 0 завершенных матчей","data":null}
{"timestamp":"2026-07-22T22:48:00.959Z","level":"INFO","message":"📊 Bundesliga: 0 завершенных матчей","data":null}
{"timestamp":"2026-07-22T22:48:01.004Z","level":"INFO","message":"📊 Serie A: 0 завершенных матчей","data":null}
{"timestamp":"2026-07-22T22:48:01.053Z","level":"INFO","message":"📊 Ligue 1: 0 завершенных матчей","data":null}
{"timestamp":"2026-07-22T22:48:01.054Z","level":"WARN","message":"📭 Нет завершенных матчей","data":null}
{"timestamp":"2026-07-22T22:50:00.059Z","level":"INFO","message":"⏰ Запуск плановой проверки...","data":null}
{"timestamp":"2026-07-22T22:50:00.064Z","level":"INFO","message":"🔄 Проверка завершенных матчей...","data":null}
{"timestamp":"2026-07-22T22:50:00.104Z","level":"INFO","message":"🔄 Обновление кеша результатов...","data":null}
{"timestamp":"2026-07-22T22:50:00.257Z","level":"INFO","message":"📊 EPL: 0 завершенных матчей","data":null}
{"timestamp":"2026-07-22T22:50:00.259Z","level":"INFO","message":"📊 EPL: 0 завершенных матчей","data":null}
{"timestamp":"2026-07-22T22:50:00.331Z","level":"INFO","message":"📊 La Liga: 0 завершенных матчей","data":null}
{"timestamp":"2026-07-22T22:50:00.332Z","level":"INFO","message":"📊 La Liga: 0 завершенных матчей","data":null}
{"timestamp":"2026-07-22T22:50:00.389Z","level":"INFO","message":"📊 Bundesliga: 0 завершенных матчей","data":null}
{"timestamp":"2026-07-22T22:50:00.390Z","level":"INFO","message":"📊 Bundesliga: 0 завершенных матчей","data":null}
{"timestamp":"2026-07-22T22:50:00.439Z","level":"INFO","message":"📊 Serie A: 0 завершенных матчей","data":null}
{"timestamp":"2026-07-22T22:50:00.441Z","level":"INFO","message":"📊 Serie A: 0 завершенных матчей","data":null}
{"timestamp":"2026-07-22T22:50:00.496Z","level":"INFO","message":"📊 Ligue 1: 0 завершенных матчей","data":null}
{"timestamp":"2026-07-22T22:50:00.497Z","level":"INFO","message":"📊 Ligue 1: 0 завершенных матчей","data":null}
{"timestamp":"2026-07-22T22:50:00.497Z","level":"WARN","message":"📭 Нет завершенных матчей","data":null}
{"timestamp":"2026-07-22T22:50:33.767Z","level":"INFO","message":"📊 EPL: 0 завершенных матчей","data":null}
{"timestamp":"2026-07-22T22:50:33.824Z","level":"INFO","message":"📊 La Liga: 0 завершенных матчей","data":null}
{"timestamp":"2026-07-22T22:50:33.877Z","level":"INFO","message":"📊 Bundesliga: 0 завершенных матчей","data":null}
{"timestamp":"2026-07-22T22:50:33.936Z","level":"INFO","message":"📊 Serie A: 0 завершенных матчей","data":null}
{"timestamp":"2026-07-22T22:50:33.987Z","level":"INFO","message":"📊 Ligue 1: 0 завершенных матчей","data":null}
